app/build/outputs/logs/manifest-merger-debug-report.txt
-- Merging decision tree log ---
manifest
ADDED from AndroidManifest.xml:2:1
	xmlns:android
		ADDED from AndroidManifest.xml:2:11
	package
		ADDED from AndroidManifest.xml:3:11
		INJECTED from AndroidManifest.xml:0:0
		INJECTED from AndroidManifest.xml:0:0
	android:versionName
		ADDED from AndroidManifest.xml:5:11
	android:versionCode
		ADDED from AndroidManifest.xml:4:11
		INJECTED from AndroidManifest.xml:0:0
		INJECTED from AndroidManifest.xml:0:0
uses-sdk
ADDED from AndroidManifest.xml:7:5
	android:targetSdkVersion
		ADDED from AndroidManifest.xml:7:42
		INJECTED from AndroidManifest.xml:0:0
		INJECTED from AndroidManifest.xml:0:0
	android:minSdkVersion
		ADDED from AndroidManifest.xml:7:15
		INJECTED from AndroidManifest.xml:0:0
		INJECTED from AndroidManifest.xml:0:0
uses-permission#android.permission.RECEIVE_BOOT_COMPLETED
ADDED from AndroidManifest.xml:9:5
	android:name
		ADDED from AndroidManifest.xml:9:22
uses-permission#android.permission.WRITE_SETTINGS
ADDED from AndroidManifest.xml:10:5
	android:name
		ADDED from AndroidManifest.xml:10:22
uses-permission#android.permission.ACCESS_SUPERUSER
ADDED from AndroidManifest.xml:11:5
	android:name
		ADDED from AndroidManifest.xml:11:22
uses-permission#android.permission.WRITE_EXTERNAL_STORAGE
ADDED from AndroidManifest.xml:12:5
	android:name
		ADDED from AndroidManifest.xml:12:22
uses-permission#android.permission.VIBRATE
ADDED from AndroidManifest.xml:13:5
	android:name
		ADDED from AndroidManifest.xml:13:22
uses-permission#android.permission.INTERNET
ADDED from AndroidManifest.xml:14:5
	android:name
		ADDED from AndroidManifest.xml:14:22
application
ADDED from AndroidManifest.xml:16:5
	android:label
		ADDED from AndroidManifest.xml:19:13
	android:allowBackup
		ADDED from AndroidManifest.xml:17:13
	android:icon
		ADDED from AndroidManifest.xml:18:13
	android:theme
		ADDED from AndroidManifest.xml:20:13
activity#com.brewcrewfoo.performance.activities.MainActivity
ADDED from AndroidManifest.xml:21:9
	android:name
		ADDED from AndroidManifest.xml:21:19
intent-filter#android.intent.action.MAIN+android.intent.category.LAUNCHER
ADDED from AndroidManifest.xml:22:13
action#android.intent.action.MAIN
ADDED from AndroidManifest.xml:23:17
	android:name
		ADDED from AndroidManifest.xml:23:25
category#android.intent.category.LAUNCHER
ADDED from AndroidManifest.xml:24:17
	android:name
		ADDED from AndroidManifest.xml:24:27
activity#com.brewcrewfoo.performance.activities.BackupRestore
ADDED from AndroidManifest.xml:28:9
	android:name
		ADDED from AndroidManifest.xml:28:19
activity#com.brewcrewfoo.performance.activities.checkSU
ADDED from AndroidManifest.xml:29:9
	android:configChanges
		ADDED from AndroidManifest.xml:29:81
	android:name
		ADDED from AndroidManifest.xml:29:19
activity#com.brewcrewfoo.performance.activities.MemUsageActivity
ADDED from AndroidManifest.xml:30:9
	android:name
		ADDED from AndroidManifest.xml:30:19
activity#com.brewcrewfoo.performance.activities.PCSettings
ADDED from AndroidManifest.xml:31:9
	android:name
		ADDED from AndroidManifest.xml:31:19
activity#com.brewcrewfoo.performance.activities.PackActivity
ADDED from AndroidManifest.xml:32:9
	android:name
		ADDED from AndroidManifest.xml:32:19
activity#com.brewcrewfoo.performance.activities.FlasherActivity
ADDED from AndroidManifest.xml:33:9
	android:name
		ADDED from AndroidManifest.xml:33:19
activity#com.brewcrewfoo.performance.activities.HideTabs
ADDED from AndroidManifest.xml:34:9
	android:name
		ADDED from AndroidManifest.xml:34:19
activity#com.brewcrewfoo.performance.activities.TouchScreenSettings
ADDED from AndroidManifest.xml:35:9
	android:name
		ADDED from AndroidManifest.xml:35:19
activity#com.brewcrewfoo.performance.activities.KSMActivity
ADDED from AndroidManifest.xml:36:9
	android:windowSoftInputMode
		ADDED from AndroidManifest.xml:36:85
	android:name
		ADDED from AndroidManifest.xml:36:19
activity#com.brewcrewfoo.performance.activities.ZramActivity
ADDED from AndroidManifest.xml:37:9
	android:windowSoftInputMode
		ADDED from AndroidManifest.xml:37:86
	android:name
		ADDED from AndroidManifest.xml:37:19
activity#com.brewcrewfoo.performance.activities.PFKActivity
ADDED from AndroidManifest.xml:38:9
	android:windowSoftInputMode
		ADDED from AndroidManifest.xml:38:85
	android:name
		ADDED from AndroidManifest.xml:38:19
activity#com.brewcrewfoo.performance.activities.FreezerActivity
ADDED from AndroidManifest.xml:39:9
	android:configChanges
		ADDED from AndroidManifest.xml:39:89
	android:name
		ADDED from AndroidManifest.xml:39:19
activity#com.brewcrewfoo.performance.activities.ParamActivity
ADDED from AndroidManifest.xml:40:9
	android:configChanges
		ADDED from AndroidManifest.xml:40:87
	android:name
		ADDED from AndroidManifest.xml:40:19
activity#com.brewcrewfoo.performance.activities.KSMSetActivity
ADDED from AndroidManifest.xml:41:9
	android:configChanges
		ADDED from AndroidManifest.xml:41:88
	android:name
		ADDED from AndroidManifest.xml:41:19
activity#com.brewcrewfoo.performance.activities.GovSetActivity
ADDED from AndroidManifest.xml:42:9
	android:configChanges
		ADDED from AndroidManifest.xml:42:88
	android:name
		ADDED from AndroidManifest.xml:42:19
activity#com.brewcrewfoo.performance.activities.IOSetActivity
ADDED from AndroidManifest.xml:43:9
	android:configChanges
		ADDED from AndroidManifest.xml:43:87
	android:name
		ADDED from AndroidManifest.xml:43:19
activity#com.brewcrewfoo.performance.activities.VMSettings
ADDED from AndroidManifest.xml:44:9
	android:configChanges
		ADDED from AndroidManifest.xml:44:84
	android:name
		ADDED from AndroidManifest.xml:44:19
activity#com.brewcrewfoo.performance.activities.BuildPropEditor
ADDED from AndroidManifest.xml:45:9
	android:configChanges
		ADDED from AndroidManifest.xml:45:89
	android:name
		ADDED from AndroidManifest.xml:45:19
activity#com.brewcrewfoo.performance.activities.FileChooser
ADDED from AndroidManifest.xml:46:9
	android:configChanges
		ADDED from AndroidManifest.xml:46:85
	android:name
		ADDED from AndroidManifest.xml:46:19
activity#com.brewcrewfoo.performance.activities.ResidualsActivity
ADDED from AndroidManifest.xml:47:9
	android:configChanges
		ADDED from AndroidManifest.xml:47:91
	android:name
		ADDED from AndroidManifest.xml:47:19
activity#com.brewcrewfoo.performance.activities.iResidualsActivity
ADDED from AndroidManifest.xml:48:9
	android:configChanges
		ADDED from AndroidManifest.xml:48:92
	android:name
		ADDED from AndroidManifest.xml:48:19
activity#com.brewcrewfoo.performance.activities.SysctlEditor
ADDED from AndroidManifest.xml:49:9
	android:configChanges
		ADDED from AndroidManifest.xml:49:86
	android:name
		ADDED from AndroidManifest.xml:49:19
receiver#com.brewcrewfoo.performance.service.BootReceiver
ADDED from AndroidManifest.xml:51:9
	android:enabled
		ADDED from AndroidManifest.xml:51:56
	android:name
		ADDED from AndroidManifest.xml:51:19
intent-filter#android.intent.action.ACTION_SHUTDOWN+android.intent.action.BOOT_COMPLETED+android.intent.action.QUICKBOOT_POWEROFF
ADDED from AndroidManifest.xml:52:13
action#android.intent.action.BOOT_COMPLETED
ADDED from AndroidManifest.xml:53:17
	android:name
		ADDED from AndroidManifest.xml:53:25
action#android.intent.action.ACTION_SHUTDOWN
ADDED from AndroidManifest.xml:54:17
	android:name
		ADDED from AndroidManifest.xml:54:25
action#android.intent.action.QUICKBOOT_POWEROFF
ADDED from AndroidManifest.xml:55:17
	android:name
		ADDED from AndroidManifest.xml:55:25
receiver#com.brewcrewfoo.performance.widget.PCWidget
ADDED from AndroidManifest.xml:58:9
	android:label
		ADDED from AndroidManifest.xml:60:17
	android:name
		ADDED from AndroidManifest.xml:59:17
intent-filter#android.appwidget.action.APPWIDGET_UPDATE+com.brewcrewfoo.performance.ACTION_FREQS_CHANGED
ADDED from AndroidManifest.xml:61:13
action#android.appwidget.action.APPWIDGET_UPDATE
ADDED from AndroidManifest.xml:62:17
	android:name
		ADDED from AndroidManifest.xml:62:25
action#com.brewcrewfoo.performance.ACTION_FREQS_CHANGED
ADDED from AndroidManifest.xml:63:17
	android:name
		ADDED from AndroidManifest.xml:63:25
meta-data#android.appwidget.provider
ADDED from AndroidManifest.xml:66:13
	android:resource
		ADDED from AndroidManifest.xml:68:21
	android:name
		ADDED from AndroidManifest.xml:67:21
service#com.brewcrewfoo.performance.service.BootService
ADDED from AndroidManifest.xml:71:9
	android:name
		ADDED from AndroidManifest.xml:71:18